mod	trans_guid	split_guid	time_now	date_entered	date_posted	acc_guid	acc_name	num	description	notes	memo	action	reconciled	amount	value	date_reconciled
-----------------
===== START
===== END
===== START
C	700534aa8414460e8e34a0b088331981	14efd095e05c4042ae47a126c52ff92c	2024-02-14 12:47:33	2024-02-14 12:47:33	2024-02-14 10:59:00	242432fbfdbe4505a45bd8654a26d2ba	Açılış Bakiyeleri		kasada ankit				n	-3000000/100	-3000000/100	1970-01-01 00:00:00
C	700534aa8414460e8e34a0b088331981	258a5d3474904eeb9975e136262373a8	2024-02-14 12:47:33	2024-02-14 12:47:33	2024-02-14 10:59:00	8e96756a2c8d4711ace6825e713848f4	Nakit (kasa)		kasada ankit				n	3000000/100	3000000/100	1970-01-01 00:00:00
===== END
===== START
===== END
===== START
===== END
===== START
===== END
===== START
C	27ce680dacac4de383aaeace5f4c9e79	667f3aba19d941c88ee1a893d85daf69	2024-02-14 14:08:51	2024-02-14 14:08:51	2024-02-14 10:59:00	8e96756a2c8d4711ace6825e713848f4	Nakit (kasa)		kasada ankit				n	3000000/100	3000000/100	1970-01-01 00:00:00
C	27ce680dacac4de383aaeace5f4c9e79	0b5fe42df7034067ae7de1f4903b37e8	2024-02-14 14:08:51	2024-02-14 14:08:51	2024-02-14 10:59:00	242432fbfdbe4505a45bd8654a26d2ba	Açılış Bakiyeleri		kasada ankit				n	-3000000/100	-3000000/100	1970-01-01 00:00:00
===== END
===== START
B	700534aa8414460e8e34a0b088331981	258a5d3474904eeb9975e136262373a8	2024-02-14 14:12:01	2024-02-14 12:47:33	2024-02-14 10:59:00	8e96756a2c8d4711ace6825e713848f4	Nakit (kasa)		kasada ankit				n	3000000/100	3000000/100	1970-01-01 00:00:00
B	700534aa8414460e8e34a0b088331981	14efd095e05c4042ae47a126c52ff92c	2024-02-14 14:12:01	2024-02-14 12:47:33	2024-02-14 10:59:00	242432fbfdbe4505a45bd8654a26d2ba	Açılış Bakiyeleri		kasada ankit				n	-3000000/100	-3000000/100	1970-01-01 00:00:00
===== END
===== START
C	700534aa8414460e8e34a0b088331981	258a5d3474904eeb9975e136262373a8	2024-02-14 14:12:01	2024-02-14 12:47:33	2024-02-14 10:59:00	8e96756a2c8d4711ace6825e713848f4	Nakit (kasa)		kasada ankit				n	3000000/100	3000000/100	1970-01-01 00:00:00
C	700534aa8414460e8e34a0b088331981	14efd095e05c4042ae47a126c52ff92c	2024-02-14 14:12:01	2024-02-14 12:47:33	2024-02-14 10:59:00	242432fbfdbe4505a45bd8654a26d2ba	Açılış Bakiyeleri		kasada ankit				n	-3000000/100	-3000000/100	1970-01-01 00:00:00
C	700534aa8414460e8e34a0b088331981	db4ed00253d24c439ee078b4809e0d16	2024-02-14 14:12:01	2024-02-14 12:47:33	2024-02-14 10:59:00	0cc37bf7205a48099ae5b1510d1b98e7	Faiz Geliri		kasada ankit				n	0/100	0/100	1970-01-01 00:00:00
===== END
===== START
B	700534aa8414460e8e34a0b088331981	258a5d3474904eeb9975e136262373a8	2024-02-14 14:12:35	2024-02-14 12:47:33	2024-02-14 10:59:00	8e96756a2c8d4711ace6825e713848f4	Nakit (kasa)		kasada ankit				n	3000000/100	3000000/100	1970-01-01 00:00:00
B	700534aa8414460e8e34a0b088331981	db4ed00253d24c439ee078b4809e0d16	2024-02-14 14:12:35	2024-02-14 12:47:33	2024-02-14 10:59:00	0cc37bf7205a48099ae5b1510d1b98e7	Faiz Geliri		kasada ankit				n	0/100	0/100	1970-01-01 00:00:00
B	700534aa8414460e8e34a0b088331981	14efd095e05c4042ae47a126c52ff92c	2024-02-14 14:12:35	2024-02-14 12:47:33	2024-02-14 10:59:00	242432fbfdbe4505a45bd8654a26d2ba	Açılış Bakiyeleri		kasada ankit				n	-3000000/100	-3000000/100	1970-01-01 00:00:00
===== END
===== START
C	700534aa8414460e8e34a0b088331981	258a5d3474904eeb9975e136262373a8	2024-02-14 14:12:43	2024-02-14 12:47:33	2024-02-14 10:59:00	8e96756a2c8d4711ace6825e713848f4	Nakit (kasa)		kasada ankit				n	3000000/100	3000000/100	1970-01-01 00:00:00
C	700534aa8414460e8e34a0b088331981	db4ed00253d24c439ee078b4809e0d16	2024-02-14 14:12:43	2024-02-14 12:47:33	2024-02-14 10:59:00	0cc37bf7205a48099ae5b1510d1b98e7	Faiz Geliri		kasada ankit				n	200000/100	200000/100	1970-01-01 00:00:00
C	700534aa8414460e8e34a0b088331981	14efd095e05c4042ae47a126c52ff92c	2024-02-14 14:12:43	2024-02-14 12:47:33	2024-02-14 10:59:00	242432fbfdbe4505a45bd8654a26d2ba	Açılış Bakiyeleri		kasada ankit				n	-3000000/100	-3000000/100	1970-01-01 00:00:00
C	700534aa8414460e8e34a0b088331981	fc0ed1c26840483bb142ab379f0276f2	2024-02-14 14:12:43	2024-02-14 12:47:33	2024-02-14 10:59:00	8d63d3c2544c4128b9abbc3cbe0e99c7	Açık-TRY		kasada ankit				n	-200000/100	-200000/100	1970-01-01 00:00:00
===== END
===== START
B	700534aa8414460e8e34a0b088331981	258a5d3474904eeb9975e136262373a8	2024-02-14 14:12:58	2024-02-14 12:47:33	2024-02-14 10:59:00	8e96756a2c8d4711ace6825e713848f4	Nakit (kasa)		kasada ankit				n	3000000/100	3000000/100	1970-01-01 00:00:00
B	700534aa8414460e8e34a0b088331981	db4ed00253d24c439ee078b4809e0d16	2024-02-14 14:12:58	2024-02-14 12:47:33	2024-02-14 10:59:00	0cc37bf7205a48099ae5b1510d1b98e7	Faiz Geliri		kasada ankit				n	200000/100	200000/100	1970-01-01 00:00:00
B	700534aa8414460e8e34a0b088331981	14efd095e05c4042ae47a126c52ff92c	2024-02-14 14:12:58	2024-02-14 12:47:33	2024-02-14 10:59:00	242432fbfdbe4505a45bd8654a26d2ba	Açılış Bakiyeleri		kasada ankit				n	-3000000/100	-3000000/100	1970-01-01 00:00:00
B	700534aa8414460e8e34a0b088331981	fc0ed1c26840483bb142ab379f0276f2	2024-02-14 14:12:58	2024-02-14 12:47:33	2024-02-14 10:59:00	8d63d3c2544c4128b9abbc3cbe0e99c7	Açık-TRY		kasada ankit				n	-200000/100	-200000/100	1970-01-01 00:00:00
===== END
===== START
C	700534aa8414460e8e34a0b088331981	258a5d3474904eeb9975e136262373a8	2024-02-14 14:13:00	2024-02-14 12:47:33	2024-02-14 10:59:00	8e96756a2c8d4711ace6825e713848f4	Nakit (kasa)		kasada ankit				n	3000000/100	3000000/100	1970-01-01 00:00:00
C	700534aa8414460e8e34a0b088331981	db4ed00253d24c439ee078b4809e0d16	2024-02-14 14:13:00	2024-02-14 12:47:33	2024-02-14 10:59:00	0cc37bf7205a48099ae5b1510d1b98e7	Faiz Geliri		kasada ankit				n	200000/100	200000/100	1970-01-01 00:00:00
C	700534aa8414460e8e34a0b088331981	14efd095e05c4042ae47a126c52ff92c	2024-02-14 14:13:00	2024-02-14 12:47:33	2024-02-14 10:59:00	242432fbfdbe4505a45bd8654a26d2ba	Açılış Bakiyeleri		kasada ankit				n	-3000000/100	-3000000/100	1970-01-01 00:00:00
C	700534aa8414460e8e34a0b088331981	fc0ed1c26840483bb142ab379f0276f2	2024-02-14 14:13:00	2024-02-14 12:47:33	2024-02-14 10:59:00	9136b21f11ee489a842a5079adc074a7	Tahvil faizi		kasada ankit				n	-200000/100	-200000/100	1970-01-01 00:00:00
===== END
===== START
B	700534aa8414460e8e34a0b088331981	258a5d3474904eeb9975e136262373a8	2024-02-14 14:13:22	2024-02-14 12:47:33	2024-02-14 10:59:00	8e96756a2c8d4711ace6825e713848f4	Nakit (kasa)		kasada ankit				n	3000000/100	3000000/100	1970-01-01 00:00:00
B	700534aa8414460e8e34a0b088331981	db4ed00253d24c439ee078b4809e0d16	2024-02-14 14:13:22	2024-02-14 12:47:33	2024-02-14 10:59:00	0cc37bf7205a48099ae5b1510d1b98e7	Faiz Geliri		kasada ankit				n	200000/100	200000/100	1970-01-01 00:00:00
B	700534aa8414460e8e34a0b088331981	14efd095e05c4042ae47a126c52ff92c	2024-02-14 14:13:22	2024-02-14 12:47:33	2024-02-14 10:59:00	242432fbfdbe4505a45bd8654a26d2ba	Açılış Bakiyeleri		kasada ankit				n	-3000000/100	-3000000/100	1970-01-01 00:00:00
B	700534aa8414460e8e34a0b088331981	fc0ed1c26840483bb142ab379f0276f2	2024-02-14 14:13:22	2024-02-14 12:47:33	2024-02-14 10:59:00	9136b21f11ee489a842a5079adc074a7	Tahvil faizi		kasada ankit				n	-200000/100	-200000/100	1970-01-01 00:00:00
===== END
===== START
C	700534aa8414460e8e34a0b088331981	258a5d3474904eeb9975e136262373a8	2024-02-14 14:13:28	2024-02-14 12:47:33	2024-02-14 10:59:00	8e96756a2c8d4711ace6825e713848f4	Nakit (kasa)		kasada ankit			Alış	n	3000000/100	3000000/100	1970-01-01 00:00:00
C	700534aa8414460e8e34a0b088331981	db4ed00253d24c439ee078b4809e0d16	2024-02-14 14:13:28	2024-02-14 12:47:33	2024-02-14 10:59:00	0cc37bf7205a48099ae5b1510d1b98e7	Faiz Geliri		kasada ankit				n	200000/100	200000/100	1970-01-01 00:00:00
C	700534aa8414460e8e34a0b088331981	14efd095e05c4042ae47a126c52ff92c	2024-02-14 14:13:28	2024-02-14 12:47:33	2024-02-14 10:59:00	242432fbfdbe4505a45bd8654a26d2ba	Açılış Bakiyeleri		kasada ankit				n	-3000000/100	-3000000/100	1970-01-01 00:00:00
C	700534aa8414460e8e34a0b088331981	fc0ed1c26840483bb142ab379f0276f2	2024-02-14 14:13:28	2024-02-14 12:47:33	2024-02-14 10:59:00	9136b21f11ee489a842a5079adc074a7	Tahvil faizi		kasada ankit				n	-200000/100	-200000/100	1970-01-01 00:00:00
===== END
